This is pdfTeX, Version 3.14159265-2.6-1.40.18 (TeX Live 2017/W32TeX) (preloaded format=pdflatex 2017.10.12)  24 OCT 2017 18:15
entering extended mode
 restricted \write18 enabled.
 %&-line parsing enabled.
**./Template.tex
(./Template.tex
LaTeX2e <2017-04-15>
Babel <3.10> and hyphenation patterns for 84 language(s) loaded.
(d:/texlive/2017/texmf-dist/tex/latex/base/article.cls
Document Class: article 2014/09/29 v1.4h Standard LaTeX document class
(d:/texlive/2017/texmf-dist/tex/latex/base/size10.clo
File: size10.clo 2014/09/29 v1.4h Standard LaTeX file (size option)
)
\c@part=\count79
\c@section=\count80
\c@subsection=\count81
\c@subsubsection=\count82
\c@paragraph=\count83
\c@subparagraph=\count84
\c@figure=\count85
\c@table=\count86
\abovecaptionskip=\skip41
\belowcaptionskip=\skip42
\bibindent=\dimen102
) (./spconf.sty)
(d:/texlive/2017/texmf-dist/tex/latex/amsmath/amsmath.sty
Package: amsmath 2016/11/05 v2.16a AMS math features
\@mathmargin=\skip43

For additional information on amsmath, use the `?' option.
(d:/texlive/2017/texmf-dist/tex/latex/amsmath/amstext.sty
Package: amstext 2000/06/29 v2.01 AMS text

(d:/texlive/2017/texmf-dist/tex/latex/amsmath/amsgen.sty
File: amsgen.sty 1999/11/30 v2.0 generic functions
\@emptytoks=\toks14
\ex@=\dimen103
))
(d:/texlive/2017/texmf-dist/tex/latex/amsmath/amsbsy.sty
Package: amsbsy 1999/11/29 v1.2d Bold Symbols
\pmbraise@=\dimen104
)
(d:/texlive/2017/texmf-dist/tex/latex/amsmath/amsopn.sty
Package: amsopn 2016/03/08 v2.02 operator names
)
\inf@bad=\count87
LaTeX Info: Redefining \frac on input line 213.
\uproot@=\count88
\leftroot@=\count89
LaTeX Info: Redefining \overline on input line 375.
\classnum@=\count90
\DOTSCASE@=\count91
LaTeX Info: Redefining \ldots on input line 472.
LaTeX Info: Redefining \dots on input line 475.
LaTeX Info: Redefining \cdots on input line 596.
\Mathstrutbox@=\box26
\strutbox@=\box27
\big@size=\dimen105
LaTeX Font Info:    Redeclaring font encoding OML on input line 712.
LaTeX Font Info:    Redeclaring font encoding OMS on input line 713.
\macc@depth=\count92
\c@MaxMatrixCols=\count93
\dotsspace@=\muskip10
\c@parentequation=\count94
\dspbrk@lvl=\count95
\tag@help=\toks15
\row@=\count96
\column@=\count97
\maxfields@=\count98
\andhelp@=\toks16
\eqnshift@=\dimen106
\alignsep@=\dimen107
\tagshift@=\dimen108
\tagwidth@=\dimen109
\totwidth@=\dimen110
\lineht@=\dimen111
\@envbody=\toks17
\multlinegap=\skip44
\multlinetaggap=\skip45
\mathdisplay@stack=\toks18
LaTeX Info: Redefining \[ on input line 2817.
LaTeX Info: Redefining \] on input line 2818.
)
(d:/texlive/2017/texmf-dist/tex/latex/graphics/graphicx.sty
Package: graphicx 2014/10/28 v1.0g Enhanced LaTeX Graphics (DPC,SPQR)

(d:/texlive/2017/texmf-dist/tex/latex/graphics/keyval.sty
Package: keyval 2014/10/28 v1.15 key=value parser (DPC)
\KV@toks@=\toks19
)
(d:/texlive/2017/texmf-dist/tex/latex/graphics/graphics.sty
Package: graphics 2017/04/14 v1.1b Standard LaTeX Graphics (DPC,SPQR)

(d:/texlive/2017/texmf-dist/tex/latex/graphics/trig.sty
Package: trig 2016/01/03 v1.10 sin cos tan (DPC)
)
(d:/texlive/2017/texmf-dist/tex/latex/graphics-cfg/graphics.cfg
File: graphics.cfg 2016/06/04 v1.11 sample graphics configuration
)
Package graphics Info: Driver file: pdftex.def on input line 99.

(d:/texlive/2017/texmf-dist/tex/latex/graphics-def/pdftex.def
File: pdftex.def 2017/01/12 v0.06k Graphics/color for pdfTeX

(d:/texlive/2017/texmf-dist/tex/generic/oberdiek/infwarerr.sty
Package: infwarerr 2016/05/16 v1.4 Providing info/warning/error messages (HO)
)
(d:/texlive/2017/texmf-dist/tex/generic/oberdiek/ltxcmds.sty
Package: ltxcmds 2016/05/16 v1.23 LaTeX kernel commands for general use (HO)
)
\Gread@gobject=\count99
))
\Gin@req@height=\dimen112
\Gin@req@width=\dimen113
)
(./Template.aux)
\openout1 = `Template.aux'.

LaTeX Font Info:    Checking defaults for OML/cmm/m/it on input line 39.
LaTeX Font Info:    ... okay on input line 39.
LaTeX Font Info:    Checking defaults for T1/cmr/m/n on input line 39.
LaTeX Font Info:    ... okay on input line 39.
LaTeX Font Info:    Checking defaults for OT1/cmr/m/n on input line 39.
LaTeX Font Info:    ... okay on input line 39.
LaTeX Font Info:    Checking defaults for OMS/cmsy/m/n on input line 39.
LaTeX Font Info:    ... okay on input line 39.
LaTeX Font Info:    Checking defaults for OMX/cmex/m/n on input line 39.
LaTeX Font Info:    ... okay on input line 39.
LaTeX Font Info:    Checking defaults for U/cmr/m/n on input line 39.
LaTeX Font Info:    ... okay on input line 39.
LaTeX Font Info:    Try loading font information for OT1+ptm on input line 39.
 (d:/texlive/2017/texmf-dist/tex/latex/psnfss/ot1ptm.fd
File: ot1ptm.fd 2001/06/04 font definitions for OT1/ptm.
)
(d:/texlive/2017/texmf-dist/tex/context/base/mkii/supp-pdf.mkii
[Loading MPS to PDF converter (version 2006.09.02).]
\scratchcounter=\count100
\scratchdimen=\dimen114
\scratchbox=\box28
\nofMPsegments=\count101
\nofMParguments=\count102
\everyMPshowfont=\toks20
\MPscratchCnt=\count103
\MPscratchDim=\dimen115
\MPnumerator=\count104
\makeMPintoPDFobject=\count105
\everyMPtoPDFconversion=\toks21
) (d:/texlive/2017/texmf-dist/tex/generic/oberdiek/pdftexcmds.sty
Package: pdftexcmds 2017/03/19 v0.25 Utility functions of pdfTeX for LuaTeX (HO
)

(d:/texlive/2017/texmf-dist/tex/generic/oberdiek/ifluatex.sty
Package: ifluatex 2016/05/16 v1.4 Provides the ifluatex switch (HO)
Package ifluatex Info: LuaTeX not detected.
)
(d:/texlive/2017/texmf-dist/tex/generic/oberdiek/ifpdf.sty
Package: ifpdf 2017/03/15 v3.2 Provides the ifpdf switch
)
Package pdftexcmds Info: LuaTeX not detected.
Package pdftexcmds Info: \pdf@primitive is available.
Package pdftexcmds Info: \pdf@ifprimitive is available.
Package pdftexcmds Info: \pdfdraftmode found.
)
(d:/texlive/2017/texmf-dist/tex/latex/oberdiek/epstopdf-base.sty
Package: epstopdf-base 2016/05/15 v2.6 Base part for package epstopdf

(d:/texlive/2017/texmf-dist/tex/latex/oberdiek/grfext.sty
Package: grfext 2016/05/16 v1.2 Manage graphics extensions (HO)

(d:/texlive/2017/texmf-dist/tex/generic/oberdiek/kvdefinekeys.sty
Package: kvdefinekeys 2016/05/16 v1.4 Define keys (HO)
))
(d:/texlive/2017/texmf-dist/tex/latex/oberdiek/kvoptions.sty
Package: kvoptions 2016/05/16 v3.12 Key value format for package options (HO)

(d:/texlive/2017/texmf-dist/tex/generic/oberdiek/kvsetkeys.sty
Package: kvsetkeys 2016/05/16 v1.17 Key value parser (HO)

(d:/texlive/2017/texmf-dist/tex/generic/oberdiek/etexcmds.sty
Package: etexcmds 2016/05/16 v1.6 Avoid name clashes with e-TeX commands (HO)
Package etexcmds Info: Could not find \expanded.
(etexcmds)             That can mean that you are not using pdfTeX 1.50 or
(etexcmds)             that some package has redefined \expanded.
(etexcmds)             In the latter case, load this package earlier.
)))
Package epstopdf-base Info: Redefining graphics rule for `.eps' on input line 4
38.
Package grfext Info: Graphics extension search list:
(grfext)             [.png,.pdf,.jpg,.mps,.jpeg,.jbig2,.jb2,.PNG,.PDF,.JPG,.JPE
G,.JBIG2,.JB2,.eps]
(grfext)             \AppendGraphicsExtensions on input line 456.

(d:/texlive/2017/texmf-dist/tex/latex/latexconfig/epstopdf-sys.cfg
File: epstopdf-sys.cfg 2010/07/13 v1.3 Configuration of (r)epstopdf for TeX Liv
e
))
LaTeX Font Info:    Font shape `OT1/ptm/bx/n' in size <12> not available
(Font)              Font shape `OT1/ptm/b/n' tried instead on input line 42.
LaTeX Font Info:    Font shape `OT1/ptm/bx/n' in size <9> not available
(Font)              Font shape `OT1/ptm/b/n' tried instead on input line 44.
LaTeX Font Info:    Font shape `OT1/ptm/bx/it' in size <9> not available
(Font)              Font shape `OT1/ptm/b/it' tried instead on input line 48.

Underfull \hbox (badness 1895) in paragraph at lines 48--50
[]\OT1/ptm/b/it/9 Index Terms\OT1/ptm/b/n/9 --- \OT1/ptm/m/n/9 rel-a-tive trans
-fer func-tion, semi-supervised
 []

[1{d:/texlive/2017/texmf-var/fonts/map/pdftex/updmap/pdftex.map}



]
Overfull \hbox (8.15413pt too wide) in paragraph at lines 101--102
\OT1/ptm/m/n/9 la-beled sam-ples $\OMS/cmsy/m/n/9 f\OT1/cmr/bx/n/9 h[]\OML/cmm/
m/it/9 ; \OT1/cmr/bx/n/9 p[]\OMS/cmsy/m/n/9 g$ \OT1/ptm/m/n/9 and the re-main-i
ng sam-ples $\OMS/cmsy/m/n/9 f\OT1/cmr/bx/n/9 h[]\OMS/cmsy/m/n/9 g$
 []



pdfTeX warning: pdflatex.exe (file ./fig1_nn.pdf): PDF inclusion: found PDF ver
sion <1.6>, but at most version <1.5> allowed
<fig1_nn.pdf, id=18, 460.99225pt x 306.62556pt>
File: fig1_nn.pdf Graphic file (type pdf)
 <use fig1_nn.pdf>
Package pdftex.def Info: fig1_nn.pdf used on input line 105.
(pdftex.def)             Requested size: 236.15796pt x 157.07877pt.

<fig2_euc.pdf, id=19, 508.25345pt x 273.83705pt>
File: fig2_euc.pdf Graphic file (type pdf)
 <use fig2_euc.pdf>
Package pdftex.def Info: fig2_euc.pdf used on input line 134.
(pdftex.def)             Requested size: 227.62204pt x 122.63637pt.
 [2 <./fig1_nn.pdf>] <fig3_err_freq.pdf, id=64, 430.539pt x 344.5904pt>
File: fig3_err_freq.pdf Graphic file (type pdf)

<use fig3_err_freq.pdf>
Package pdftex.def Info: fig3_err_freq.pdf used on input line 186.
(pdftex.def)             Requested size: 241.84842pt x 193.56871pt.
 [3 <./fig2_euc.pdf> <./fig3_err_freq.pdf>]
(./Template.bbl [4]
Missing character: There is no â in font ptmr7t!
Missing character: There is no € in font ptmr7t!
Missing character: There is no ˜ in font ptmr7t!
Missing character: There is no â in font ptmr7t!
Missing character: There is no € in font ptmr7t!
Missing character: There is no ™ in font ptmr7t!

Underfull \hbox (badness 2253) in paragraph at lines 99--103
[]\OT1/ptm/m/n/9 Antoine Dele-forge, Flo-rence Forbes, and Radu Ho-raud,
 []


Underfull \hbox (badness 3989) in paragraph at lines 135--140
[]\OT1/ptm/m/n/9 Emanuel AP Ha-bets,  ``Room im-pulse re-sponse (rir)
 []


Underfull \hbox (badness 5985) in paragraph at lines 135--140
\OT1/ptm/m/n/9 gen-er-a-tor,''  \OT1/ptm/m/it/9 Avail-able on-line: https://www
.audiolabs-
 []


Underfull \hbox (badness 10000) in paragraph at lines 135--140
\OT1/ptm/m/it/9 erlangen.de/fau/professor/habets/software/rir-generator\OT1/ptm
/m/n/9 ,
 []

) [5

] (./Template.aux) ) 
Here is how much of TeX's memory you used:
 2259 strings out of 492995
 30040 string characters out of 6136401
 102596 words of memory out of 5000000
 5773 multiletter control sequences out of 15000+600000
 24911 words of font info for 56 fonts, out of 8000000 for 9000
 1141 hyphenation exceptions out of 8191
 39i,16n,25p,1313b,310s stack positions out of 5000i,500n,10000p,200000b,80000s
{d:/texlive/2017/texmf-dist/fonts/enc/dvips/base/8r.enc}<d:
/texlive/2017/texmf-dist/fonts/type1/public/amsfonts/cm/cmbx9.pfb><d:/texlive/2
017/texmf-dist/fonts/type1/public/amsfonts/cmextra/cmex7.pfb><d:/texlive/2017/t
exmf-dist/fonts/type1/public/amsfonts/cmextra/cmex9.pfb><d:/texlive/2017/texmf-
dist/fonts/type1/public/amsfonts/cm/cmmi5.pfb><d:/texlive/2017/texmf-dist/fonts
/type1/public/amsfonts/cm/cmmi6.pfb><d:/texlive/2017/texmf-dist/fonts/type1/pub
lic/amsfonts/cm/cmmi9.pfb><d:/texlive/2017/texmf-dist/fonts/type1/public/amsfon
ts/cm/cmr5.pfb><d:/texlive/2017/texmf-dist/fonts/type1/public/amsfonts/cm/cmr6.
pfb><d:/texlive/2017/texmf-dist/fonts/type1/public/amsfonts/cm/cmr9.pfb><d:/tex
live/2017/texmf-dist/fonts/type1/public/amsfonts/cm/cmsy5.pfb><d:/texlive/2017/
texmf-dist/fonts/type1/public/amsfonts/cm/cmsy6.pfb><d:/texlive/2017/texmf-dist
/fonts/type1/public/amsfonts/cm/cmsy8.pfb><d:/texlive/2017/texmf-dist/fonts/typ
e1/public/amsfonts/cm/cmsy9.pfb><d:/texlive/2017/texmf-dist/fonts/type1/public/
amsfonts/cm/cmti9.pfb><d:/texlive/2017/texmf-dist/fonts/type1/urw/times/utmb8a.
pfb><d:/texlive/2017/texmf-dist/fonts/type1/urw/times/utmbi8a.pfb><d:/texlive/2
017/texmf-dist/fonts/type1/urw/times/utmr8a.pfb><d:/texlive/2017/texmf-dist/fon
ts/type1/urw/times/utmri8a.pfb>
Output written on Template.pdf (5 pages, 298659 bytes).
PDF statistics:
 201 PDF objects out of 1000 (max. 8388607)
 135 compressed objects within 2 object streams
 0 named destinations out of 1000 (max. 500000)
 16 words of extra memory for PDF output out of 10000 (max. 10000000)

